2018-08-25 16:24:50.764  INFO 13928 --- [main] com.bl.ep.EpAppApplication               : Starting EpAppApplication on DESKTOP-MGAMQ48 with PID 13928 (D:\workspace\EPApp\web\target\classes started by 李树林 in D:\workspace\EPApp)
2018-08-25 16:24:50.777  INFO 13928 --- [main] com.bl.ep.EpAppApplication               : No active profile set, falling back to default profiles: default
2018-08-25 16:24:51.097  INFO 13928 --- [main] ationConfigEmbeddedWebApplicationContext : Refreshing org.springframework.boot.context.embedded.AnnotationConfigEmbeddedWebApplicationContext@7c37508a: startup date [Sat Aug 25 16:24:51 CST 2018]; root of context hierarchy
2018-08-25 16:24:54.612  WARN 13928 --- [main] t.m.s.mapper.ClassPathMapperScanner      : No MyBatis mapper was found in '[com.bl.ep]' package. Please check your configuration.
2018-08-25 16:24:54.684  WARN 13928 --- [main] o.m.s.mapper.ClassPathMapperScanner      : No MyBatis mapper was found in '[com.bl.ep]' package. Please check your configuration.
2018-08-25 16:24:58.110  INFO 13928 --- [main] s.b.c.e.t.TomcatEmbeddedServletContainer : Tomcat initialized with port(s): 8080 (http)
2018-08-25 16:24:58.417  INFO 13928 --- [main] o.apache.catalina.core.StandardService   : Starting service [Tomcat]
2018-08-25 16:24:58.421  INFO 13928 --- [main] org.apache.catalina.core.StandardEngine  : Starting Servlet Engine: Apache Tomcat/8.5.23
2018-08-25 16:24:58.867  INFO 13928 --- [localhost-startStop-1] o.a.c.c.C.[Tomcat].[localhost].[/]       : Initializing Spring embedded WebApplicationContext
2018-08-25 16:24:58.868  INFO 13928 --- [localhost-startStop-1] o.s.web.context.ContextLoader            : Root WebApplicationContext: initialization completed in 7780 ms
2018-08-25 16:24:59.715  INFO 13928 --- [localhost-startStop-1] o.s.b.w.servlet.ServletRegistrationBean  : Mapping servlet: 'dispatcherServlet' to [/]
2018-08-25 16:24:59.721  INFO 13928 --- [localhost-startStop-1] o.s.b.w.servlet.ServletRegistrationBean  : Mapping servlet: 'statViewServlet' to [/druid/*]
2018-08-25 16:24:59.735  INFO 13928 --- [localhost-startStop-1] o.s.b.w.servlet.FilterRegistrationBean   : Mapping filter: 'characterEncodingFilter' to: [/*]
2018-08-25 16:24:59.737  INFO 13928 --- [localhost-startStop-1] o.s.b.w.servlet.FilterRegistrationBean   : Mapping filter: 'hiddenHttpMethodFilter' to: [/*]
2018-08-25 16:24:59.738  INFO 13928 --- [localhost-startStop-1] o.s.b.w.servlet.FilterRegistrationBean   : Mapping filter: 'httpPutFormContentFilter' to: [/*]
2018-08-25 16:24:59.739  INFO 13928 --- [localhost-startStop-1] o.s.b.w.servlet.FilterRegistrationBean   : Mapping filter: 'requestContextFilter' to: [/*]
2018-08-25 16:24:59.740  INFO 13928 --- [localhost-startStop-1] o.s.b.w.servlet.FilterRegistrationBean   : Mapping filter: 'webStatFilter' to urls: [/*]
2018-08-25 16:25:00.284  INFO 13928 --- [main] c.a.d.s.b.a.DruidDataSourceAutoConfigure : Init DruidDataSource
2018-08-25 16:25:04.663  INFO 13928 --- [main] com.alibaba.druid.pool.DruidDataSource   : {dataSource-1} inited
2018-08-25 16:25:07.536  INFO 13928 --- [main] s.w.s.m.m.a.RequestMappingHandlerAdapter : Looking for @ControllerAdvice: org.springframework.boot.context.embedded.AnnotationConfigEmbeddedWebApplicationContext@7c37508a: startup date [Sat Aug 25 16:24:51 CST 2018]; root of context hierarchy
2018-08-25 16:25:07.780  INFO 13928 --- [main] s.w.s.m.m.a.RequestMappingHandlerMapping : Mapped "{[/home/index],methods=[POST]}" onto public com.bl.ep.constant.ResultModel com.bl.ep.controller.UserController.index()
2018-08-25 16:25:07.786  INFO 13928 --- [main] s.w.s.m.m.a.RequestMappingHandlerMapping : Mapped "{[/login],methods=[POST]}" onto public com.bl.ep.constant.ResultModel com.bl.ep.controller.UserController.login(java.lang.String,java.lang.String)
2018-08-25 16:25:07.789  INFO 13928 --- [main] s.w.s.m.m.a.RequestMappingHandlerMapping : Mapped "{[/tasks/test1]}" onto public java.lang.String com.bl.ep.task.DoTask.test1() throws java.lang.Exception
2018-08-25 16:25:07.797  INFO 13928 --- [main] s.w.s.m.m.a.RequestMappingHandlerMapping : Mapped "{[/error]}" onto public org.springframework.http.ResponseEntity<java.util.Map<java.lang.String, java.lang.Object>> org.springframework.boot.autoconfigure.web.BasicErrorController.error(javax.servlet.http.HttpServletRequest)
2018-08-25 16:25:07.798  INFO 13928 --- [main] s.w.s.m.m.a.RequestMappingHandlerMapping : Mapped "{[/error],produces=[text/html]}" onto public org.springframework.web.servlet.ModelAndView org.springframework.boot.autoconfigure.web.BasicErrorController.errorHtml(javax.servlet.http.HttpServletRequest,javax.servlet.http.HttpServletResponse)
2018-08-25 16:25:07.932  INFO 13928 --- [main] o.s.w.s.handler.SimpleUrlHandlerMapping  : Mapped URL path [/webjars/**] onto handler of type [class org.springframework.web.servlet.resource.ResourceHttpRequestHandler]
2018-08-25 16:25:07.932  INFO 13928 --- [main] o.s.w.s.handler.SimpleUrlHandlerMapping  : Mapped URL path [/static/**] onto handler of type [class org.springframework.web.servlet.resource.ResourceHttpRequestHandler]
2018-08-25 16:25:08.022  INFO 13928 --- [main] .m.m.a.ExceptionHandlerExceptionResolver : Detected @ExceptionHandler methods in restExceptionHandler
2018-08-25 16:25:08.180  INFO 13928 --- [main] o.s.w.s.handler.SimpleUrlHandlerMapping  : Mapped URL path [/**/favicon.ico] onto handler of type [class org.springframework.web.servlet.resource.ResourceHttpRequestHandler]
2018-08-25 16:25:09.508  INFO 13928 --- [main] o.s.j.e.a.AnnotationMBeanExporter        : Registering beans for JMX exposure on startup
2018-08-25 16:25:09.513  INFO 13928 --- [main] o.s.j.e.a.AnnotationMBeanExporter        : Bean with name 'statFilter' has been autodetected for JMX exposure
2018-08-25 16:25:09.514  INFO 13928 --- [main] o.s.j.e.a.AnnotationMBeanExporter        : Bean with name 'dataSource' has been autodetected for JMX exposure
2018-08-25 16:25:09.529  INFO 13928 --- [main] o.s.j.e.a.AnnotationMBeanExporter        : Located MBean 'dataSource': registering with JMX server as MBean [com.alibaba.druid.spring.boot.autoconfigure:name=dataSource,type=DruidDataSourceWrapper]
2018-08-25 16:25:09.531  INFO 13928 --- [main] o.s.j.e.a.AnnotationMBeanExporter        : Located MBean 'statFilter': registering with JMX server as MBean [com.alibaba.druid.filter.stat:name=statFilter,type=StatFilter]
2018-08-25 16:25:09.754  INFO 13928 --- [main] s.b.c.e.t.TomcatEmbeddedServletContainer : Tomcat started on port(s): 8080 (http)
2018-08-25 16:25:09.774  INFO 13928 --- [main] com.bl.ep.EpAppApplication               : Started EpAppApplication in 21.179 seconds (JVM running for 23.307)
2018-08-25 16:25:15.392  INFO 13928 --- [http-nio-8080-exec-2] o.a.c.c.C.[Tomcat].[localhost].[/]       : Initializing Spring FrameworkServlet 'dispatcherServlet'
2018-08-25 16:25:15.393  INFO 13928 --- [http-nio-8080-exec-2] o.s.web.servlet.DispatcherServlet        : FrameworkServlet 'dispatcherServlet': initialization started
2018-08-25 16:25:15.466  INFO 13928 --- [http-nio-8080-exec-2] o.s.web.servlet.DispatcherServlet        : FrameworkServlet 'dispatcherServlet': initialization completed in 73 ms
2018-08-25 16:25:16.064 DEBUG 13928 --- [http-nio-8080-exec-2] com.bl.ep.dao.HomeMapper.selectAll       : ==>  Preparing: SELECT id,title,image,url FROM t_home 
2018-08-25 16:25:16.135 DEBUG 13928 --- [http-nio-8080-exec-2] com.bl.ep.dao.HomeMapper.selectAll       : ==> Parameters: 
2018-08-25 16:25:16.706 DEBUG 13928 --- [http-nio-8080-exec-2] com.bl.ep.dao.HomeMapper.selectAll       : <==      Total: 0
2018-08-25 16:26:41.096 DEBUG 13928 --- [http-nio-8080-exec-5] com.bl.ep.dao.HomeMapper.selectAll       : ==>  Preparing: SELECT id,title,image,url FROM t_home 
2018-08-25 16:26:41.097 DEBUG 13928 --- [http-nio-8080-exec-5] com.bl.ep.dao.HomeMapper.selectAll       : ==> Parameters: 
2018-08-25 16:26:41.149 DEBUG 13928 --- [http-nio-8080-exec-5] com.bl.ep.dao.HomeMapper.selectAll       : <==      Total: 2
2018-08-26 22:54:11.029  INFO 5080 --- [main] com.bl.ep.EpAppApplication               : Starting EpAppApplication on DESKTOP-MGAMQ48 with PID 5080 (D:\workspace\EPApp\web\target\classes started by 李树林 in D:\workspace\EPApp)
2018-08-26 22:54:11.041  INFO 5080 --- [main] com.bl.ep.EpAppApplication               : No active profile set, falling back to default profiles: default
2018-08-26 22:54:11.501  INFO 5080 --- [main] ationConfigEmbeddedWebApplicationContext : Refreshing org.springframework.boot.context.embedded.AnnotationConfigEmbeddedWebApplicationContext@6be968ce: startup date [Sun Aug 26 22:54:11 CST 2018]; root of context hierarchy
2018-08-26 22:54:16.157  WARN 5080 --- [main] t.m.s.mapper.ClassPathMapperScanner      : No MyBatis mapper was found in '[com.bl.ep]' package. Please check your configuration.
2018-08-26 22:54:16.258  WARN 5080 --- [main] o.m.s.mapper.ClassPathMapperScanner      : No MyBatis mapper was found in '[com.bl.ep]' package. Please check your configuration.
2018-08-26 22:54:21.490  INFO 5080 --- [main] s.b.c.e.t.TomcatEmbeddedServletContainer : Tomcat initialized with port(s): 8080 (http)
2018-08-26 22:54:21.558  INFO 5080 --- [main] o.apache.catalina.core.StandardService   : Starting service [Tomcat]
2018-08-26 22:54:21.564  INFO 5080 --- [main] org.apache.catalina.core.StandardEngine  : Starting Servlet Engine: Apache Tomcat/8.5.23
2018-08-26 22:54:22.328  INFO 5080 --- [localhost-startStop-1] o.a.c.c.C.[Tomcat].[localhost].[/]       : Initializing Spring embedded WebApplicationContext
2018-08-26 22:54:22.329  INFO 5080 --- [localhost-startStop-1] o.s.web.context.ContextLoader            : Root WebApplicationContext: initialization completed in 10837 ms
2018-08-26 22:54:23.916  INFO 5080 --- [localhost-startStop-1] o.s.b.w.servlet.ServletRegistrationBean  : Mapping servlet: 'dispatcherServlet' to [/]
2018-08-26 22:54:23.920  INFO 5080 --- [localhost-startStop-1] o.s.b.w.servlet.ServletRegistrationBean  : Mapping servlet: 'statViewServlet' to [/druid/*]
2018-08-26 22:54:23.936  INFO 5080 --- [localhost-startStop-1] o.s.b.w.servlet.FilterRegistrationBean   : Mapping filter: 'characterEncodingFilter' to: [/*]
2018-08-26 22:54:23.942  INFO 5080 --- [localhost-startStop-1] o.s.b.w.servlet.FilterRegistrationBean   : Mapping filter: 'hiddenHttpMethodFilter' to: [/*]
2018-08-26 22:54:23.944  INFO 5080 --- [localhost-startStop-1] o.s.b.w.servlet.FilterRegistrationBean   : Mapping filter: 'httpPutFormContentFilter' to: [/*]
2018-08-26 22:54:23.945  INFO 5080 --- [localhost-startStop-1] o.s.b.w.servlet.FilterRegistrationBean   : Mapping filter: 'requestContextFilter' to: [/*]
2018-08-26 22:54:23.946  INFO 5080 --- [localhost-startStop-1] o.s.b.w.servlet.FilterRegistrationBean   : Mapping filter: 'webStatFilter' to urls: [/*]
2018-08-26 22:54:24.204  WARN 5080 --- [main] ationConfigEmbeddedWebApplicationContext : Exception encountered during context initialization - cancelling refresh attempt: org.springframework.beans.factory.UnsatisfiedDependencyException: Error creating bean with name 'merchandizeController': Unsatisfied dependency expressed through field 'merchandizeService'; nested exception is org.springframework.beans.factory.NoSuchBeanDefinitionException: No qualifying bean of type 'com.bl.ep.service.MerchandizeService' available: expected at least 1 bean which qualifies as autowire candidate. Dependency annotations: {@org.springframework.beans.factory.annotation.Autowired(required=true)}
2018-08-26 22:54:24.214  INFO 5080 --- [main] o.apache.catalina.core.StandardService   : Stopping service [Tomcat]
2018-08-26 22:54:24.338  INFO 5080 --- [main] utoConfigurationReportLoggingInitializer : 

Error starting ApplicationContext. To display the auto-configuration report re-run your application with 'debug' enabled.
2018-08-26 22:54:25.084 ERROR 5080 --- [main] o.s.b.d.LoggingFailureAnalysisReporter   : 

***************************
APPLICATION FAILED TO START
***************************

Description:

Field merchandizeService in com.bl.ep.controller.MerchandizeController required a bean of type 'com.bl.ep.service.MerchandizeService' that could not be found.


Action:

Consider defining a bean of type 'com.bl.ep.service.MerchandizeService' in your configuration.

2018-08-26 22:55:53.345  INFO 7040 --- [main] com.bl.ep.EpAppApplication               : Starting EpAppApplication on DESKTOP-MGAMQ48 with PID 7040 (D:\workspace\EPApp\web\target\classes started by 李树林 in D:\workspace\EPApp)
2018-08-26 22:55:53.362  INFO 7040 --- [main] com.bl.ep.EpAppApplication               : No active profile set, falling back to default profiles: default
2018-08-26 22:55:53.987  INFO 7040 --- [main] ationConfigEmbeddedWebApplicationContext : Refreshing org.springframework.boot.context.embedded.AnnotationConfigEmbeddedWebApplicationContext@5ddeb7cb: startup date [Sun Aug 26 22:55:53 CST 2018]; root of context hierarchy
2018-08-26 22:55:57.371  WARN 7040 --- [main] t.m.s.mapper.ClassPathMapperScanner      : No MyBatis mapper was found in '[com.bl.ep]' package. Please check your configuration.
2018-08-26 22:55:57.443  WARN 7040 --- [main] o.m.s.mapper.ClassPathMapperScanner      : No MyBatis mapper was found in '[com.bl.ep]' package. Please check your configuration.
2018-08-26 22:56:01.654  INFO 7040 --- [main] s.b.c.e.t.TomcatEmbeddedServletContainer : Tomcat initialized with port(s): 8080 (http)
2018-08-26 22:56:01.699  INFO 7040 --- [main] o.apache.catalina.core.StandardService   : Starting service [Tomcat]
2018-08-26 22:56:01.702  INFO 7040 --- [main] org.apache.catalina.core.StandardEngine  : Starting Servlet Engine: Apache Tomcat/8.5.23
2018-08-26 22:56:02.304  INFO 7040 --- [localhost-startStop-1] o.a.c.c.C.[Tomcat].[localhost].[/]       : Initializing Spring embedded WebApplicationContext
2018-08-26 22:56:02.305  INFO 7040 --- [localhost-startStop-1] o.s.web.context.ContextLoader            : Root WebApplicationContext: initialization completed in 8328 ms
2018-08-26 22:56:03.528  INFO 7040 --- [localhost-startStop-1] o.s.b.w.servlet.ServletRegistrationBean  : Mapping servlet: 'dispatcherServlet' to [/]
2018-08-26 22:56:03.532  INFO 7040 --- [localhost-startStop-1] o.s.b.w.servlet.ServletRegistrationBean  : Mapping servlet: 'statViewServlet' to [/druid/*]
2018-08-26 22:56:03.542  INFO 7040 --- [localhost-startStop-1] o.s.b.w.servlet.FilterRegistrationBean   : Mapping filter: 'characterEncodingFilter' to: [/*]
2018-08-26 22:56:03.544  INFO 7040 --- [localhost-startStop-1] o.s.b.w.servlet.FilterRegistrationBean   : Mapping filter: 'hiddenHttpMethodFilter' to: [/*]
2018-08-26 22:56:03.545  INFO 7040 --- [localhost-startStop-1] o.s.b.w.servlet.FilterRegistrationBean   : Mapping filter: 'httpPutFormContentFilter' to: [/*]
2018-08-26 22:56:03.546  INFO 7040 --- [localhost-startStop-1] o.s.b.w.servlet.FilterRegistrationBean   : Mapping filter: 'requestContextFilter' to: [/*]
2018-08-26 22:56:03.547  INFO 7040 --- [localhost-startStop-1] o.s.b.w.servlet.FilterRegistrationBean   : Mapping filter: 'webStatFilter' to urls: [/*]
2018-08-26 22:56:03.912  INFO 7040 --- [main] c.a.d.s.b.a.DruidDataSourceAutoConfigure : Init DruidDataSource
2018-08-26 22:56:07.455  INFO 7040 --- [main] com.alibaba.druid.pool.DruidDataSource   : {dataSource-1} inited
2018-08-26 22:56:10.239  INFO 7040 --- [main] s.w.s.m.m.a.RequestMappingHandlerAdapter : Looking for @ControllerAdvice: org.springframework.boot.context.embedded.AnnotationConfigEmbeddedWebApplicationContext@5ddeb7cb: startup date [Sun Aug 26 22:55:53 CST 2018]; root of context hierarchy
2018-08-26 22:56:10.516  INFO 7040 --- [main] s.w.s.m.m.a.RequestMappingHandlerMapping : Mapped "{[/merchandize/list],methods=[POST]}" onto public com.bl.ep.constant.ResultModel com.bl.ep.controller.MerchandizeController.merchandizeList(com.bl.ep.param.MerchandizeParam,com.bl.ep.param.PageParam)
2018-08-26 22:56:10.525  INFO 7040 --- [main] s.w.s.m.m.a.RequestMappingHandlerMapping : Mapped "{[/login],methods=[POST],params=[username && password]}" onto public com.bl.ep.constant.ResultModel com.bl.ep.controller.UserController.login(com.bl.ep.param.UserParam)
2018-08-26 22:56:10.526  INFO 7040 --- [main] s.w.s.m.m.a.RequestMappingHandlerMapping : Mapped "{[/home/list],methods=[POST]}" onto public com.bl.ep.constant.ResultModel com.bl.ep.controller.UserController.homeList(com.bl.ep.param.HomeParam,com.bl.ep.param.PageParam)
2018-08-26 22:56:10.529  INFO 7040 --- [main] s.w.s.m.m.a.RequestMappingHandlerMapping : Mapped "{[/tasks/test1]}" onto public java.lang.String com.bl.ep.task.DoTask.test1() throws java.lang.Exception
2018-08-26 22:56:10.537  INFO 7040 --- [main] s.w.s.m.m.a.RequestMappingHandlerMapping : Mapped "{[/error]}" onto public org.springframework.http.ResponseEntity<java.util.Map<java.lang.String, java.lang.Object>> org.springframework.boot.autoconfigure.web.BasicErrorController.error(javax.servlet.http.HttpServletRequest)
2018-08-26 22:56:10.540  INFO 7040 --- [main] s.w.s.m.m.a.RequestMappingHandlerMapping : Mapped "{[/error],produces=[text/html]}" onto public org.springframework.web.servlet.ModelAndView org.springframework.boot.autoconfigure.web.BasicErrorController.errorHtml(javax.servlet.http.HttpServletRequest,javax.servlet.http.HttpServletResponse)
2018-08-26 22:56:10.780  INFO 7040 --- [main] o.s.w.s.handler.SimpleUrlHandlerMapping  : Mapped URL path [/webjars/**] onto handler of type [class org.springframework.web.servlet.resource.ResourceHttpRequestHandler]
2018-08-26 22:56:10.784  INFO 7040 --- [main] o.s.w.s.handler.SimpleUrlHandlerMapping  : Mapped URL path [/static/**] onto handler of type [class org.springframework.web.servlet.resource.ResourceHttpRequestHandler]
2018-08-26 22:56:10.860  INFO 7040 --- [main] .m.m.a.ExceptionHandlerExceptionResolver : Detected @ExceptionHandler methods in restExceptionHandler
2018-08-26 22:56:10.979  INFO 7040 --- [main] o.s.w.s.handler.SimpleUrlHandlerMapping  : Mapped URL path [/**/favicon.ico] onto handler of type [class org.springframework.web.servlet.resource.ResourceHttpRequestHandler]
2018-08-26 22:56:13.201  INFO 7040 --- [main] o.s.j.e.a.AnnotationMBeanExporter        : Registering beans for JMX exposure on startup
2018-08-26 22:56:13.206  INFO 7040 --- [main] o.s.j.e.a.AnnotationMBeanExporter        : Bean with name 'statFilter' has been autodetected for JMX exposure
2018-08-26 22:56:13.208  INFO 7040 --- [main] o.s.j.e.a.AnnotationMBeanExporter        : Bean with name 'dataSource' has been autodetected for JMX exposure
2018-08-26 22:56:13.222  INFO 7040 --- [main] o.s.j.e.a.AnnotationMBeanExporter        : Located MBean 'dataSource': registering with JMX server as MBean [com.alibaba.druid.spring.boot.autoconfigure:name=dataSource,type=DruidDataSourceWrapper]
2018-08-26 22:56:13.225  INFO 7040 --- [main] o.s.j.e.a.AnnotationMBeanExporter        : Located MBean 'statFilter': registering with JMX server as MBean [com.alibaba.druid.filter.stat:name=statFilter,type=StatFilter]
2018-08-26 22:56:13.502  INFO 7040 --- [main] s.b.c.e.t.TomcatEmbeddedServletContainer : Tomcat started on port(s): 8080 (http)
2018-08-26 22:56:13.522  INFO 7040 --- [main] com.bl.ep.EpAppApplication               : Started EpAppApplication in 22.28 seconds (JVM running for 25.079)
2018-08-26 22:56:22.379  INFO 7040 --- [http-nio-8080-exec-2] o.a.c.c.C.[Tomcat].[localhost].[/]       : Initializing Spring FrameworkServlet 'dispatcherServlet'
2018-08-26 22:56:22.380  INFO 7040 --- [http-nio-8080-exec-2] o.s.web.servlet.DispatcherServlet        : FrameworkServlet 'dispatcherServlet': initialization started
2018-08-26 22:56:22.469  INFO 7040 --- [http-nio-8080-exec-2] o.s.web.servlet.DispatcherServlet        : FrameworkServlet 'dispatcherServlet': initialization completed in 89 ms
2018-08-26 22:56:22.562  WARN 7040 --- [http-nio-8080-exec-2] o.s.web.servlet.PageNotFound             : No mapping found for HTTP request with URI [/home/index] in DispatcherServlet with name 'dispatcherServlet'
2018-08-26 22:56:51.097  WARN 7040 --- [http-nio-8080-exec-3] o.s.web.servlet.PageNotFound             : No mapping found for HTTP request with URI [/home/index] in DispatcherServlet with name 'dispatcherServlet'
2018-08-26 22:57:20.130 DEBUG 7040 --- [http-nio-8080-exec-4] c.b.e.d.H.selectByExample_COUNT          : ==>  Preparing: SELECT count(0) FROM t_home 
2018-08-26 22:57:20.187 DEBUG 7040 --- [http-nio-8080-exec-4] c.b.e.d.H.selectByExample_COUNT          : ==> Parameters: 
2018-08-26 22:57:20.297 DEBUG 7040 --- [http-nio-8080-exec-4] c.b.e.d.H.selectByExample_COUNT          : <==      Total: 1
2018-08-26 22:57:20.300 DEBUG 7040 --- [http-nio-8080-exec-4] c.bl.ep.dao.HomeMapper.selectByExample   : ==>  Preparing: SELECT id,title,image,url,create_time FROM t_home order by create_time DESC LIMIT 999 
2018-08-26 22:57:20.301 DEBUG 7040 --- [http-nio-8080-exec-4] c.bl.ep.dao.HomeMapper.selectByExample   : ==> Parameters: 
2018-08-26 22:57:20.374 DEBUG 7040 --- [http-nio-8080-exec-4] c.bl.ep.dao.HomeMapper.selectByExample   : <==      Total: 2
2018-08-26 22:58:27.411 DEBUG 7040 --- [http-nio-8080-exec-7] c.b.e.d.H.selectByExample_COUNT          : ==>  Preparing: SELECT count(0) FROM t_home 
2018-08-26 22:58:27.412 DEBUG 7040 --- [http-nio-8080-exec-7] c.b.e.d.H.selectByExample_COUNT          : ==> Parameters: 
2018-08-26 22:58:27.483 DEBUG 7040 --- [http-nio-8080-exec-7] c.b.e.d.H.selectByExample_COUNT          : <==      Total: 1
2018-08-26 22:58:27.483 DEBUG 7040 --- [http-nio-8080-exec-7] c.bl.ep.dao.HomeMapper.selectByExample   : ==>  Preparing: SELECT id,title,image,url,create_time FROM t_home order by create_time DESC LIMIT 999 
2018-08-26 22:58:27.484 DEBUG 7040 --- [http-nio-8080-exec-7] c.bl.ep.dao.HomeMapper.selectByExample   : ==> Parameters: 
2018-08-26 22:58:27.557 DEBUG 7040 --- [http-nio-8080-exec-7] c.bl.ep.dao.HomeMapper.selectByExample   : <==      Total: 2
2018-08-26 22:58:47.486 DEBUG 7040 --- [http-nio-8080-exec-8] c.b.e.d.H.selectByExample_COUNT          : ==>  Preparing: SELECT count(0) FROM t_home 
2018-08-26 22:58:47.487 DEBUG 7040 --- [http-nio-8080-exec-8] c.b.e.d.H.selectByExample_COUNT          : ==> Parameters: 
2018-08-26 22:58:47.566 DEBUG 7040 --- [http-nio-8080-exec-8] c.b.e.d.H.selectByExample_COUNT          : <==      Total: 1
2018-08-26 22:58:47.567 DEBUG 7040 --- [http-nio-8080-exec-8] c.bl.ep.dao.HomeMapper.selectByExample   : ==>  Preparing: SELECT id,title,image,url,create_time FROM t_home order by create_time DESC LIMIT 999 
2018-08-26 22:58:47.568 DEBUG 7040 --- [http-nio-8080-exec-8] c.bl.ep.dao.HomeMapper.selectByExample   : ==> Parameters: 
2018-08-26 22:58:47.641 DEBUG 7040 --- [http-nio-8080-exec-8] c.bl.ep.dao.HomeMapper.selectByExample   : <==      Total: 2
2018-08-26 22:59:22.133 DEBUG 7040 --- [http-nio-8080-exec-9] c.b.e.d.H.selectByExample_COUNT          : ==>  Preparing: SELECT count(0) FROM t_home 
2018-08-26 22:59:22.134 DEBUG 7040 --- [http-nio-8080-exec-9] c.b.e.d.H.selectByExample_COUNT          : ==> Parameters: 
2018-08-26 22:59:22.206 DEBUG 7040 --- [http-nio-8080-exec-9] c.b.e.d.H.selectByExample_COUNT          : <==      Total: 1
2018-08-26 22:59:22.208 DEBUG 7040 --- [http-nio-8080-exec-9] c.bl.ep.dao.HomeMapper.selectByExample   : ==>  Preparing: SELECT id,title,image,url,create_time FROM t_home order by id LIMIT 999 
2018-08-26 22:59:22.210 DEBUG 7040 --- [http-nio-8080-exec-9] c.bl.ep.dao.HomeMapper.selectByExample   : ==> Parameters: 
2018-08-26 22:59:22.286 DEBUG 7040 --- [http-nio-8080-exec-9] c.bl.ep.dao.HomeMapper.selectByExample   : <==      Total: 2
